<?xml version="1.0" encoding="UTF-8"?>
<!-- Generated by org.testng.reporters.JUnitXMLReporter -->
<testsuite ignored="2" hostname="DESKTOP-FCOVEUD" failures="0" tests="2" name="Test" time="388.398" errors="0" timestamp="2022-05-27T08:09:11 IST">
  <testcase classname="com.vtiger.ContactsTest.CreateContactWithOrganizationTest" name="CreateContactWithOrganizationTest1" time="90.399"/>
  <testcase classname="com.vtiger.ContactsTest.CreateContactTest" name="Contact" time="53.502"/>
  <testcase classname="com.sdet34l1.genericutility.BaseClass" name="@BeforeSuite beforesuite1Test" time="0.0">
    <ignored/>
  </testcase> <!-- @BeforeSuite beforesuite1Test -->
  <testcase classname="com.sdet34l1.genericutility.BaseClass" name="@AfterSuite aftersuite1Test" time="0.0">
    <ignored/>
  </testcase> <!-- @AfterSuite aftersuite1Test -->
</testsuite> <!-- Test -->
