<?xml version="1.0" encoding="UTF-8"?>
<testng-results ignored="0" total="1" passed="1" failed="0" skipped="0">
  <reporter-output>
  </reporter-output>
  <suite started-at="2022-05-27T10:25:46 IST" name="Default suite" finished-at="2022-05-27T10:26:26 IST" duration-ms="39920">
    <groups>
    </groups>
    <test started-at="2022-05-27T10:25:46 IST" name="Default test" finished-at="2022-05-27T10:26:26 IST" duration-ms="39920">
      <class name="com.vtiger.CampaignsTest.CreateCampaignWthProduct">
        <test-method is-config="true" signature="beforesuite1Test()[pri:0, instance:com.vtiger.CampaignsTest.CreateCampaignWthProduct@234a8f27]" started-at="2022-05-27T10:25:43 IST" name="beforesuite1Test" finished-at="2022-05-27T10:25:46 IST" duration-ms="2461" status="PASS">
          <reporter-output>
          </reporter-output>
        </test-method> <!-- beforesuite1Test -->
        <test-method is-config="true" signature="beforeClass1Test()[pri:0, instance:com.vtiger.CampaignsTest.CreateCampaignWthProduct@234a8f27]" started-at="2022-05-27T10:25:46 IST" name="beforeClass1Test" finished-at="2022-05-27T10:25:53 IST" duration-ms="7155" status="PASS">
          <reporter-output>
          </reporter-output>
        </test-method> <!-- beforeClass1Test -->
        <test-method is-config="true" signature="beforeMethod1Test()[pri:0, instance:com.vtiger.CampaignsTest.CreateCampaignWthProduct@234a8f27]" started-at="2022-05-27T10:25:53 IST" name="beforeMethod1Test" finished-at="2022-05-27T10:25:57 IST" duration-ms="4126" status="PASS">
          <reporter-output>
          </reporter-output>
        </test-method> <!-- beforeMethod1Test -->
        <test-method signature="createcampaignProduct()[pri:0, instance:com.vtiger.CampaignsTest.CreateCampaignWthProduct@234a8f27]" started-at="2022-05-27T10:25:58 IST" name="createcampaignProduct" finished-at="2022-05-27T10:26:23 IST" duration-ms="25574" status="PASS">
          <reporter-output>
          </reporter-output>
        </test-method> <!-- createcampaignProduct -->
        <test-method is-config="true" signature="afterMethod1Test()[pri:0, instance:com.vtiger.CampaignsTest.CreateCampaignWthProduct@234a8f27]" started-at="2022-05-27T10:26:23 IST" name="afterMethod1Test" finished-at="2022-05-27T10:26:25 IST" duration-ms="2141" status="PASS">
          <reporter-output>
          </reporter-output>
        </test-method> <!-- afterMethod1Test -->
        <test-method is-config="true" signature="afterClass1()[pri:0, instance:com.vtiger.CampaignsTest.CreateCampaignWthProduct@234a8f27]" started-at="2022-05-27T10:26:25 IST" name="afterClass1" finished-at="2022-05-27T10:26:26 IST" duration-ms="338" status="PASS">
          <reporter-output>
          </reporter-output>
        </test-method> <!-- afterClass1 -->
        <test-method is-config="true" signature="aftersuite1Test()[pri:0, instance:com.vtiger.CampaignsTest.CreateCampaignWthProduct@234a8f27]" started-at="2022-05-27T10:26:26 IST" name="aftersuite1Test" finished-at="2022-05-27T10:26:26 IST" duration-ms="1" status="PASS">
          <reporter-output>
          </reporter-output>
        </test-method> <!-- aftersuite1Test -->
      </class> <!-- com.vtiger.CampaignsTest.CreateCampaignWthProduct -->
    </test> <!-- Default test -->
  </suite> <!-- Default suite -->
</testng-results>
